<?xml version="1.0" encoding="UTF-8"?>
<!-- Generated by org.testng.reporters.JUnitReportReporter -->
<testsuite hostname="RamakrishnaC" failures="0" tests="1" name="com.practice.runner.TestRunnerClass" time="0.079" errors="0" timestamp="2025-04-28T12:49:56 IST" skipped="0">
  <testcase classname="com.practice.runner.TestRunnerClass" name="runScenario" time="0.079"/>
</testsuite> <!-- com.practice.runner.TestRunnerClass -->
