<?xml version="1.0" encoding="UTF-8"?>
<!-- Generated by org.testng.reporters.JUnitReportReporter -->
<testsuite hostname="RamakrishnaC" failures="0" tests="1" name="day17042025.TestNGExample" time="0.006" errors="0" timestamp="2025-04-24T17:29:12 IST" skipped="0">
  <testcase classname="day17042025.TestNGExample" name="testMethod" time="0.006"/>
</testsuite> <!-- day17042025.TestNGExample -->
