<?xml version="1.0" encoding="UTF-8"?>
<!-- Generated by org.testng.reporters.JUnitReportReporter -->
<testsuite hostname="RamakrishnaC" failures="0" tests="1" name="day16042025.TestNGExample" time="0.009" errors="0" timestamp="2025-04-17T15:39:43 IST" skipped="0">
  <testcase classname="day16042025.TestNGExample" name="testMethod" time="0.009"/>
</testsuite> <!-- day16042025.TestNGExample -->
