<?xml version="1.0" encoding="UTF-8"?>
<!-- Generated by org.testng.reporters.JUnitReportReporter -->
<testsuite hostname="RamakrishnaC" failures="0" tests="2" name="day17042025.LoginTest" time="0.014" errors="0" timestamp="2025-04-24T17:29:12 IST" skipped="0">
  <testcase classname="day17042025.LoginTest" name="testLoginPageTitle" time="0.003"/>
  <testcase classname="day17042025.LoginTest" name="testHomePageTitle" time="0.011"/>
</testsuite> <!-- day17042025.LoginTest -->
